-------------------------------------------------------------------------------
Test set: com.supriyo.api.SpringDataRestApplicationTests
-------------------------------------------------------------------------------
Tests run: 1, Failures: 0, Errors: 1, Skipped: 0, Time elapsed: 3.379 s <<< FAILURE! - in com.supriyo.api.SpringDataRestApplicationTests
contextLoads  Time elapsed: 0.01 s  <<< ERROR!
java.lang.IllegalStateException: Failed to load ApplicationContext
Caused by: org.springframework.beans.factory.UnsatisfiedDependencyException: Error creating bean with name 'marketService': Unsatisfied dependency expressed through field 'repo'; nested exception is org.springframework.beans.factory.BeanCreationException: Error creating bean with name 'marketRepo' defined in com.supriyo.api.repo.MarketRepo defined in @EnableJpaRepositories declared on JpaRepositoriesRegistrar.EnableJpaRepositoriesConfiguration: Invocation of init method failed; nested exception is org.springframework.data.repository.query.QueryCreationException: Could not create query for public abstract java.util.List com.supriyo.api.repo.MarketRepo.findByItem_Name(java.lang.String)! Reason: Failed to create query for method public abstract java.util.List com.supriyo.api.repo.MarketRepo.findByItem_Name(java.lang.String)! No property item found for type Market!; nested exception is java.lang.IllegalArgumentException: Failed to create query for method public abstract java.util.List com.supriyo.api.repo.MarketRepo.findByItem_Name(java.lang.String)! No property item found for type Market!
Caused by: org.springframework.beans.factory.BeanCreationException: Error creating bean with name 'marketRepo' defined in com.supriyo.api.repo.MarketRepo defined in @EnableJpaRepositories declared on JpaRepositoriesRegistrar.EnableJpaRepositoriesConfiguration: Invocation of init method failed; nested exception is org.springframework.data.repository.query.QueryCreationException: Could not create query for public abstract java.util.List com.supriyo.api.repo.MarketRepo.findByItem_Name(java.lang.String)! Reason: Failed to create query for method public abstract java.util.List com.supriyo.api.repo.MarketRepo.findByItem_Name(java.lang.String)! No property item found for type Market!; nested exception is java.lang.IllegalArgumentException: Failed to create query for method public abstract java.util.List com.supriyo.api.repo.MarketRepo.findByItem_Name(java.lang.String)! No property item found for type Market!
Caused by: org.springframework.data.repository.query.QueryCreationException: Could not create query for public abstract java.util.List com.supriyo.api.repo.MarketRepo.findByItem_Name(java.lang.String)! Reason: Failed to create query for method public abstract java.util.List com.supriyo.api.repo.MarketRepo.findByItem_Name(java.lang.String)! No property item found for type Market!; nested exception is java.lang.IllegalArgumentException: Failed to create query for method public abstract java.util.List com.supriyo.api.repo.MarketRepo.findByItem_Name(java.lang.String)! No property item found for type Market!
Caused by: java.lang.IllegalArgumentException: Failed to create query for method public abstract java.util.List com.supriyo.api.repo.MarketRepo.findByItem_Name(java.lang.String)! No property item found for type Market!
Caused by: org.springframework.data.mapping.PropertyReferenceException: No property item found for type Market!

